      epoch|      steps|    steps/s|     return| value loss
___________________________________________________________
          0          15          19    -1809.46     0.80210
         10         165          19    -1809.46     0.09925
         20         315          18    -1809.46     0.08456
         30         465          20    -1805.62     0.12984
         40         615          19    -1206.08     0.19725
      epoch|      steps|    steps/s|     return| value loss
___________________________________________________________
          0         820           6    -1809.46     6.72909
         10        1020           6    -1809.46     0.07097
         20        1220           6    -1800.18     0.07316
         30        1420           6    -1809.46     0.07283
         40        1620           6    -1174.99     0.12787
         50        1820           7    -1809.46     0.10039
         60        2020           6    -1778.54     0.09957
         70        2220           6    -1809.46     0.09853
         80        2420           6    -1809.46     0.09769
         90        2620           6    -1809.46     0.10145
        100        2820           6    -1748.69     0.11269
        110        3020           6    -1809.46     0.11517
        120        3220           6    -1760.37     0.11737
        130        3420           6    -1796.17     0.07863
        140        3620           6    -1807.41     0.16315
